INFO:  2022-05-15 13:17:39,247 - sparkmonitorkernel - 536 - MainProcess -         139697517373248 - MainThread
 Starting Kernel Extension 

INFO:  2022-05-15 13:17:39,254 - sparkmonitorkernel - 536 - MainProcess -         139697517373248 - MainThread
 Socket Listening on port 51835 

INFO:  2022-05-15 13:17:39,255 - sparkmonitorkernel - 536 - MainProcess -         139687808763648 - Thread-7
 Starting socket thread, going to accept 

INFO:  2022-05-15 13:17:39,256 - sparkmonitorkernel - 536 - MainProcess -         139697517373248 - MainThread
 51835 

INFO:  2022-05-15 13:17:39,257 - sparkmonitorkernel - 536 - MainProcess -         139697517373248 - MainThread
 Adding jar from /opt/conda/lib/python3.9/site-packages/sparkmonitor/listener.jar  

INFO:  2022-05-15 13:17:39,545 - sparkmonitorkernel - 536 - MainProcess -         139697517373248 - MainThread
 COMM OPENED MESSAGE: 
 {'header': {'date': datetime.datetime(2022, 5, 15, 11, 17, 38, 665000, tzinfo=tzutc()), 'msg_id': '1cac06db-a1af-4147-a727-6178af486ab6', 'msg_type': 'comm_open', 'session': '8931b9ba-a65b-4e1a-9c9c-5c5a08edeecc', 'username': '', 'version': '5.2'}, 'msg_id': '1cac06db-a1af-4147-a727-6178af486ab6', 'msg_type': 'comm_open', 'parent_header': {}, 'metadata': {}, 'content': {'comm_id': '52728d9b-bf10-45dd-852f-712297f57ce3', 'target_name': 'SparkMonitor', 'data': {'msgtype': 'openfromfrontend'}}, 'buffers': []} 
 

INFO:  2022-05-15 13:17:39,552 - sparkmonitorkernel - 536 - MainProcess -         139697517373248 - MainThread
 COMM OPENED MESSAGE: 
 {'header': {'date': datetime.datetime(2022, 5, 15, 11, 17, 38, 666000, tzinfo=tzutc()), 'msg_id': 'bbead717-b76c-413f-8202-161b4c704ee7', 'msg_type': 'comm_open', 'session': '8931b9ba-a65b-4e1a-9c9c-5c5a08edeecc', 'username': '', 'version': '5.2'}, 'msg_id': 'bbead717-b76c-413f-8202-161b4c704ee7', 'msg_type': 'comm_open', 'parent_header': {}, 'metadata': {}, 'content': {'comm_id': '314d1719-9435-4762-a214-05850ebbbef1', 'target_name': 'SparkMonitor', 'data': {'msgtype': 'openfromfrontend'}}, 'buffers': []} 
 

INFO:  2022-05-15 13:45:18,839 - sparkmonitorkernel - 536 - MainProcess -         139697517373248 - MainThread
 COMM OPENED MESSAGE: 
 {'header': {'date': datetime.datetime(2022, 5, 15, 11, 45, 17, 964000, tzinfo=tzutc()), 'msg_id': '7d8fe6ea-477a-4655-9386-79e75a500185', 'msg_type': 'comm_open', 'session': '384654bf-e74e-4aab-ae46-d09a7a68ee15', 'username': '', 'version': '5.2'}, 'msg_id': '7d8fe6ea-477a-4655-9386-79e75a500185', 'msg_type': 'comm_open', 'parent_header': {}, 'metadata': {}, 'content': {'comm_id': '9959dff5-11ad-4ac9-aa07-52d0acf17cd9', 'target_name': 'SparkMonitor', 'data': {'msgtype': 'openfromfrontend'}}, 'buffers': []} 
 

INFO:  2022-05-15 13:45:18,904 - sparkmonitorkernel - 536 - MainProcess -         139697517373248 - MainThread
 COMM OPENED MESSAGE: 
 {'header': {'date': datetime.datetime(2022, 5, 15, 11, 45, 17, 965000, tzinfo=tzutc()), 'msg_id': 'e85ff3d3-d268-487c-9707-94f6ce73e9f8', 'msg_type': 'comm_open', 'session': '384654bf-e74e-4aab-ae46-d09a7a68ee15', 'username': '', 'version': '5.2'}, 'msg_id': 'e85ff3d3-d268-487c-9707-94f6ce73e9f8', 'msg_type': 'comm_open', 'parent_header': {}, 'metadata': {}, 'content': {'comm_id': '2d605f9d-6a58-447d-960d-7d1a465356f1', 'target_name': 'SparkMonitor', 'data': {'msgtype': 'openfromfrontend'}}, 'buffers': []} 
 

